Traceback (most recent call last):
  File "/Users/seungmin/ssd-project/sm/tools/score_probe_loop.py", line 6886, in <module>
    raise SystemExit(main())
  File "/Users/seungmin/ssd-project/sm/tools/score_probe_loop.py", line 6876, in main
    record = run_pass(pass_index, args.queue)
  File "/Users/seungmin/ssd-project/sm/tools/score_probe_loop.py", line 6811, in run_pass
    probes = all_probes()
  File "/Users/seungmin/ssd-project/sm/tools/score_probe_loop.py", line 6805, in all_probes
    probes.extend(generator())
  File "/Users/seungmin/ssd-project/sm/tools/score_probe_loop.py", line 1492, in tpersign_probes
    yield Probe(
TypeError: __init__() missing 1 required positional argument: 'why'
Traceback (most recent call last):
  File "/Users/seungmin/ssd-project/sm/tools/score_probe_loop.py", line 7148, in <module>
    raise SystemExit(main())
  File "/Users/seungmin/ssd-project/sm/tools/score_probe_loop.py", line 7138, in main
    record = run_pass(pass_index, args.queue)
  File "/Users/seungmin/ssd-project/sm/tools/score_probe_loop.py", line 7073, in run_pass
    probes = all_probes()
  File "/Users/seungmin/ssd-project/sm/tools/score_probe_loop.py", line 7067, in all_probes
    probes.extend(generator())
  File "/Users/seungmin/ssd-project/sm/tools/score_probe_loop.py", line 1370, in lifecycle_probes
    yield Probe(
TypeError: __init__() missing 1 required positional argument: 'why'
